<?xml version="1.0" encoding="UTF-8"?>
<testsuite name="ru.job4j.base.CalcKtTest" tests="4" skipped="0" failures="0" errors="0" timestamp="2020-08-05T14:54:36" hostname="andrey-Latitude-5590" time="0.01">
  <properties/>
  <testcase name="1.0 - 2.0" classname="ru.job4j.base.CalcKtTest" time="0.009"/>
  <testcase name="5.0 * 5.0" classname="ru.job4j.base.CalcKtTest" time="0.007"/>
  <testcase name="1.0 + 2.0" classname="ru.job4j.base.CalcKtTest" time="0.015"/>
  <testcase name="5 / 4" classname="ru.job4j.base.CalcKtTest" time="0.007"/>
  <system-out><![CDATA[]]></system-out>
  <system-err><![CDATA[]]></system-err>
</testsuite>
